app/build/intermediates/manifest_merge_blame_file/debug/processDebugMainManifest/manifest-merger-blame-debug-report.txt
1<?xml version="1.0" encoding="utf-8"?>
2<manifest xmlns:android="http://schemas.android.com/apk/res/android"
3    package="com.example.watchfinder"
4    android:versionCode="1"
5    android:versionName="1.0" >
6
7    <uses-sdk
8        android:minSdkVersion="29"
9        android:targetSdkVersion="35" />
10
11    <uses-permission android:name="android.permission.INTERNET" />
11-->src\main\AndroidManifest.xml:5:5-67
11-->src\main\AndroidManifest.xml:5:22-64
12    <uses-permission android:name="android.permission.ACCESS_NETWORK_STATE" />
12-->[androidx.media3:media3-common:1.6.1] AndroidManifest.xml:22:5-79
12-->[androidx.media3:media3-common:1.6.1] AndroidManifest.xml:22:22-76
13
14    <permission
14-->[androidx.core:core:1.15.0] AndroidManifest.xml:22:5-24:47
15        android:name="com.example.watchfinder.DYNAMIC_RECEIVER_NOT_EXPORTED_PERMISSION"
15-->[androidx.core:core:1.15.0] AndroidManifest.xml:23:9-81
16        android:protectionLevel="signature" />
16-->[androidx.core:core:1.15.0] AndroidManifest.xml:24:9-44
17
18    <uses-permission android:name="com.example.watchfinder.DYNAMIC_RECEIVER_NOT_EXPORTED_PERMISSION" />
18-->[androidx.core:core:1.15.0] AndroidManifest.xml:26:5-97
18-->[androidx.core:core:1.15.0] AndroidManifest.xml:26:22-94
19    <uses-permission android:name="android.permission.REORDER_TASKS" />
19-->[androidx.test:core:1.6.1] AndroidManifest.xml:24:5-72
19-->[androidx.test:core:1.6.1] AndroidManifest.xml:24:22-69
20
21    <queries>
21-->[androidx.test:runner:1.6.1] AndroidManifest.xml:24:5-28:15
22        <package android:name="androidx.test.orchestrator" />
22-->[androidx.test:runner:1.6.1] AndroidManifest.xml:25:9-62
22-->[androidx.test:runner:1.6.1] AndroidManifest.xml:25:18-59
23        <package android:name="androidx.test.services" />
23-->[androidx.test:runner:1.6.1] AndroidManifest.xml:26:9-58
23-->[androidx.test:runner:1.6.1] AndroidManifest.xml:26:18-55
24        <package android:name="com.google.android.apps.common.testing.services" />
24-->[androidx.test:runner:1.6.1] AndroidManifest.xml:27:9-83
24-->[androidx.test:runner:1.6.1] AndroidManifest.xml:27:18-80
25    </queries>
26
27    <application
27-->src\main\AndroidManifest.xml:7:5-39:19
28        android:name="com.example.watchfinder.WatchFinderApp"
28-->src\main\AndroidManifest.xml:8:9-39
29        android:allowBackup="true"
29-->src\main\AndroidManifest.xml:10:9-35
30        android:appComponentFactory="androidx.core.app.CoreComponentFactory"
30-->[androidx.core:core:1.15.0] AndroidManifest.xml:28:18-86
31        android:dataExtractionRules="@xml/data_extraction_rules"
31-->src\main\AndroidManifest.xml:11:9-65
32        android:debuggable="true"
33        android:extractNativeLibs="false"
34        android:fullBackupContent="@xml/backup_rules"
34-->src\main\AndroidManifest.xml:12:9-54
35        android:icon="@mipmap/ic_launcher"
35-->src\main\AndroidManifest.xml:13:9-43
36        android:label="@string/app_name"
36-->src\main\AndroidManifest.xml:14:9-41
37        android:roundIcon="@mipmap/ic_launcher_round"
37-->src\main\AndroidManifest.xml:15:9-54
38        android:supportsRtl="true"
38-->src\main\AndroidManifest.xml:16:9-35
39        android:testOnly="true"
40        android:theme="@style/Theme.WatchFinder"
40-->src\main\AndroidManifest.xml:17:9-49
41        android:usesCleartextTraffic="true" >
41-->src\main\AndroidManifest.xml:9:9-44
42        <activity
42-->src\main\AndroidManifest.xml:19:9-38:20
43            android:name="com.example.watchfinder.MainActivity"
43-->src\main\AndroidManifest.xml:20:13-41
44            android:exported="true"
44-->src\main\AndroidManifest.xml:21:13-36
45            android:label="@string/app_name"
45-->src\main\AndroidManifest.xml:22:13-45
46            android:theme="@style/Theme.WatchFinder" >
46-->src\main\AndroidManifest.xml:23:13-53
47            <intent-filter>
47-->src\main\AndroidManifest.xml:24:13-28:29
48                <action android:name="android.intent.action.MAIN" />
48-->src\main\AndroidManifest.xml:25:17-69
48-->src\main\AndroidManifest.xml:25:25-66
49
50                <category android:name="android.intent.category.LAUNCHER" />
50-->src\main\AndroidManifest.xml:27:17-77
50-->src\main\AndroidManifest.xml:27:27-74
51            </intent-filter>
52            <intent-filter android:autoVerify="false" > <!-- para no verificar link -->
52-->src\main\AndroidManifest.xml:29:13-37:29
52-->src\main\AndroidManifest.xml:29:28-54
53                <action android:name="android.intent.action.VIEW" />
53-->src\main\AndroidManifest.xml:30:17-69
53-->src\main\AndroidManifest.xml:30:25-66
54
55                <category android:name="android.intent.category.DEFAULT" />
55-->src\main\AndroidManifest.xml:31:17-76
55-->src\main\AndroidManifest.xml:31:27-73
56                <category android:name="android.intent.category.BROWSABLE" />
56-->src\main\AndroidManifest.xml:32:17-78
56-->src\main\AndroidManifest.xml:32:27-75
57
58                <data
58-->src\main\AndroidManifest.xml:33:17-36:60
59                    android:host="watchfinderapp.com"
59-->src\main\AndroidManifest.xml:35:21-54
60                    android:pathPrefix="/reset-password"
60-->src\main\AndroidManifest.xml:36:21-57
61                    android:scheme="https" />
61-->src\main\AndroidManifest.xml:34:21-43
62            </intent-filter>
63        </activity>
64        <activity
64-->[androidx.compose.ui:ui-tooling-android:1.7.6] AndroidManifest.xml:23:9-25:39
65            android:name="androidx.compose.ui.tooling.PreviewActivity"
65-->[androidx.compose.ui:ui-tooling-android:1.7.6] AndroidManifest.xml:24:13-71
66            android:exported="true" />
66-->[androidx.compose.ui:ui-tooling-android:1.7.6] AndroidManifest.xml:25:13-36
67
68        <provider
68-->[androidx.emoji2:emoji2:1.3.0] AndroidManifest.xml:24:9-32:20
69            android:name="androidx.startup.InitializationProvider"
69-->[androidx.emoji2:emoji2:1.3.0] AndroidManifest.xml:25:13-67
70            android:authorities="com.example.watchfinder.androidx-startup"
70-->[androidx.emoji2:emoji2:1.3.0] AndroidManifest.xml:26:13-68
71            android:exported="false" >
71-->[androidx.emoji2:emoji2:1.3.0] AndroidManifest.xml:27:13-37
72            <meta-data
72-->[androidx.emoji2:emoji2:1.3.0] AndroidManifest.xml:29:13-31:52
73                android:name="androidx.emoji2.text.EmojiCompatInitializer"
73-->[androidx.emoji2:emoji2:1.3.0] AndroidManifest.xml:30:17-75
74                android:value="androidx.startup" />
74-->[androidx.emoji2:emoji2:1.3.0] AndroidManifest.xml:31:17-49
75            <meta-data
75-->[androidx.lifecycle:lifecycle-process:2.8.7] AndroidManifest.xml:29:13-31:52
76                android:name="androidx.lifecycle.ProcessLifecycleInitializer"
76-->[androidx.lifecycle:lifecycle-process:2.8.7] AndroidManifest.xml:30:17-78
77                android:value="androidx.startup" />
77-->[androidx.lifecycle:lifecycle-process:2.8.7] AndroidManifest.xml:31:17-49
78            <meta-data
78-->[androidx.profileinstaller:profileinstaller:1.4.1] AndroidManifest.xml:29:13-31:52
79                android:name="androidx.profileinstaller.ProfileInstallerInitializer"
79-->[androidx.profileinstaller:profileinstaller:1.4.1] AndroidManifest.xml:30:17-85
80                android:value="androidx.startup" />
80-->[androidx.profileinstaller:profileinstaller:1.4.1] AndroidManifest.xml:31:17-49
81        </provider>
82
83        <activity
83-->[androidx.test:core:1.6.1] AndroidManifest.xml:27:9-34:20
84            android:name="androidx.test.core.app.InstrumentationActivityInvoker$BootstrapActivity"
84-->[androidx.test:core:1.6.1] AndroidManifest.xml:28:13-99
85            android:exported="true"
85-->[androidx.test:core:1.6.1] AndroidManifest.xml:29:13-36
86            android:theme="@style/WhiteBackgroundTheme" >
86-->[androidx.test:core:1.6.1] AndroidManifest.xml:30:13-56
87            <intent-filter android:priority="-100" >
87-->[androidx.test:core:1.6.1] AndroidManifest.xml:31:13-33:29
87-->[androidx.test:core:1.6.1] AndroidManifest.xml:31:28-51
88                <category android:name="android.intent.category.LAUNCHER" />
88-->src\main\AndroidManifest.xml:27:17-77
88-->src\main\AndroidManifest.xml:27:27-74
89            </intent-filter>
90        </activity>
91        <activity
91-->[androidx.test:core:1.6.1] AndroidManifest.xml:35:9-42:20
92            android:name="androidx.test.core.app.InstrumentationActivityInvoker$EmptyActivity"
92-->[androidx.test:core:1.6.1] AndroidManifest.xml:36:13-95
93            android:exported="true"
93-->[androidx.test:core:1.6.1] AndroidManifest.xml:37:13-36
94            android:theme="@style/WhiteBackgroundTheme" >
94-->[androidx.test:core:1.6.1] AndroidManifest.xml:38:13-56
95            <intent-filter android:priority="-100" >
95-->[androidx.test:core:1.6.1] AndroidManifest.xml:31:13-33:29
95-->[androidx.test:core:1.6.1] AndroidManifest.xml:31:28-51
96                <category android:name="android.intent.category.LAUNCHER" />
96-->src\main\AndroidManifest.xml:27:17-77
96-->src\main\AndroidManifest.xml:27:27-74
97            </intent-filter>
98        </activity>
99        <activity
99-->[androidx.test:core:1.6.1] AndroidManifest.xml:43:9-50:20
100            android:name="androidx.test.core.app.InstrumentationActivityInvoker$EmptyFloatingActivity"
100-->[androidx.test:core:1.6.1] AndroidManifest.xml:44:13-103
101            android:exported="true"
101-->[androidx.test:core:1.6.1] AndroidManifest.xml:45:13-36
102            android:theme="@style/WhiteBackgroundDialogTheme" >
102-->[androidx.test:core:1.6.1] AndroidManifest.xml:46:13-62
103            <intent-filter android:priority="-100" >
103-->[androidx.test:core:1.6.1] AndroidManifest.xml:31:13-33:29
103-->[androidx.test:core:1.6.1] AndroidManifest.xml:31:28-51
104                <category android:name="android.intent.category.LAUNCHER" />
104-->src\main\AndroidManifest.xml:27:17-77
104-->src\main\AndroidManifest.xml:27:27-74
105            </intent-filter>
106        </activity>
107        <activity
107-->[androidx.compose.ui:ui-test-manifest:1.7.6] AndroidManifest.xml:23:9-25:39
108            android:name="androidx.activity.ComponentActivity"
108-->[androidx.compose.ui:ui-test-manifest:1.7.6] AndroidManifest.xml:24:13-63
109            android:exported="true" />
109-->[androidx.compose.ui:ui-test-manifest:1.7.6] AndroidManifest.xml:25:13-36
110
111        <receiver
111-->[androidx.profileinstaller:profileinstaller:1.4.1] AndroidManifest.xml:34:9-52:20
112            android:name="androidx.profileinstaller.ProfileInstallReceiver"
112-->[androidx.profileinstaller:profileinstaller:1.4.1] AndroidManifest.xml:35:13-76
113            android:directBootAware="false"
113-->[androidx.profileinstaller:profileinstaller:1.4.1] AndroidManifest.xml:36:13-44
114            android:enabled="true"
114-->[androidx.profileinstaller:profileinstaller:1.4.1] AndroidManifest.xml:37:13-35
115            android:exported="true"
115-->[androidx.profileinstaller:profileinstaller:1.4.1] AndroidManifest.xml:38:13-36
116            android:permission="android.permission.DUMP" >
116-->[androidx.profileinstaller:profileinstaller:1.4.1] AndroidManifest.xml:39:13-57
117            <intent-filter>
117-->[androidx.profileinstaller:profileinstaller:1.4.1] AndroidManifest.xml:40:13-42:29
118                <action android:name="androidx.profileinstaller.action.INSTALL_PROFILE" />
118-->[androidx.profileinstaller:profileinstaller:1.4.1] AndroidManifest.xml:41:17-91
118-->[androidx.profileinstaller:profileinstaller:1.4.1] AndroidManifest.xml:41:25-88
119            </intent-filter>
120            <intent-filter>
120-->[androidx.profileinstaller:profileinstaller:1.4.1] AndroidManifest.xml:43:13-45:29
121                <action android:name="androidx.profileinstaller.action.SKIP_FILE" />
121-->[androidx.profileinstaller:profileinstaller:1.4.1] AndroidManifest.xml:44:17-85
121-->[androidx.profileinstaller:profileinstaller:1.4.1] AndroidManifest.xml:44:25-82
122            </intent-filter>
123            <intent-filter>
123-->[androidx.profileinstaller:profileinstaller:1.4.1] AndroidManifest.xml:46:13-48:29
124                <action android:name="androidx.profileinstaller.action.SAVE_PROFILE" />
124-->[androidx.profileinstaller:profileinstaller:1.4.1] AndroidManifest.xml:47:17-88
124-->[androidx.profileinstaller:profileinstaller:1.4.1] AndroidManifest.xml:47:25-85
125            </intent-filter>
126            <intent-filter>
126-->[androidx.profileinstaller:profileinstaller:1.4.1] AndroidManifest.xml:49:13-51:29
127                <action android:name="androidx.profileinstaller.action.BENCHMARK_OPERATION" />
127-->[androidx.profileinstaller:profileinstaller:1.4.1] AndroidManifest.xml:50:17-95
127-->[androidx.profileinstaller:profileinstaller:1.4.1] AndroidManifest.xml:50:25-92
128            </intent-filter>
129        </receiver>
130    </application>
131
132</manifest>